[2.501s] Invoking command in '/home/pi/code/ws/src/atvpi': PYTHONPATH=/home/pi/code/ws/build/atvpi/prefix_override:/usr/lib/python3/dist-packages/colcon_core/task/python/colcon_distutils_commands:/home/pi/code/ws/install/atvpi/lib/python3.10/site-packages:${PYTHONPATH} /usr/bin/python3 -W ignore:setup.py install is deprecated setup.py egg_info --egg-base ../../build/atvpi build --build-base /home/pi/code/ws/build/atvpi/build install --record /home/pi/code/ws/build/atvpi/install.log --single-version-externally-managed install_data
[3.439s] running egg_info
[3.441s] writing ../../build/atvpi/atvpi.egg-info/PKG-INFO
[3.442s] writing dependency_links to ../../build/atvpi/atvpi.egg-info/dependency_links.txt
[3.443s] writing entry points to ../../build/atvpi/atvpi.egg-info/entry_points.txt
[3.444s] writing requirements to ../../build/atvpi/atvpi.egg-info/requires.txt
[3.444s] writing top-level names to ../../build/atvpi/atvpi.egg-info/top_level.txt
[3.453s] reading manifest file '../../build/atvpi/atvpi.egg-info/SOURCES.txt'
[3.454s] adding license file 'LICENSE'
[3.456s] writing manifest file '../../build/atvpi/atvpi.egg-info/SOURCES.txt'
[3.457s] running build
[3.457s] running build_py
[3.458s] copying atvpi/thermal_ros.py -> /home/pi/code/ws/build/atvpi/build/lib/atvpi
[3.460s] running install
[3.461s] running install_lib
[3.465s] copying /home/pi/code/ws/build/atvpi/build/lib/atvpi/thermal_ros.py -> /home/pi/code/ws/install/atvpi/lib/python3.10/site-packages/atvpi
[3.468s] byte-compiling /home/pi/code/ws/install/atvpi/lib/python3.10/site-packages/atvpi/thermal_ros.py to thermal_ros.cpython-310.pyc
[3.479s] running install_data
[3.479s] running install_egg_info
[3.486s] removing '/home/pi/code/ws/install/atvpi/lib/python3.10/site-packages/atvpi-0.0.0-py3.10.egg-info' (and everything under it)
[3.488s] Copying ../../build/atvpi/atvpi.egg-info to /home/pi/code/ws/install/atvpi/lib/python3.10/site-packages/atvpi-0.0.0-py3.10.egg-info
[3.493s] running install_scripts
[3.568s] Installing sub script to /home/pi/code/ws/install/atvpi/lib/atvpi
[3.569s] Installing talker script to /home/pi/code/ws/install/atvpi/lib/atvpi
[3.570s] writing list of installed files to '/home/pi/code/ws/build/atvpi/install.log'
[3.684s] Invoked command in '/home/pi/code/ws/src/atvpi' returned '0': PYTHONPATH=/home/pi/code/ws/build/atvpi/prefix_override:/usr/lib/python3/dist-packages/colcon_core/task/python/colcon_distutils_commands:/home/pi/code/ws/install/atvpi/lib/python3.10/site-packages:${PYTHONPATH} /usr/bin/python3 -W ignore:setup.py install is deprecated setup.py egg_info --egg-base ../../build/atvpi build --build-base /home/pi/code/ws/build/atvpi/build install --record /home/pi/code/ws/build/atvpi/install.log --single-version-externally-managed install_data
