[2.475s] Invoking command in '/home/pi/code/ws/src/atvpi': PYTHONPATH=/home/pi/code/ws/build/atvpi/prefix_override:/usr/lib/python3/dist-packages/colcon_core/task/python/colcon_distutils_commands:/home/pi/code/ws/install/atvpi/lib/python3.10/site-packages:${PYTHONPATH} /usr/bin/python3 -W ignore:setup.py install is deprecated setup.py egg_info --egg-base ../../build/atvpi build --build-base /home/pi/code/ws/build/atvpi/build install --record /home/pi/code/ws/build/atvpi/install.log --single-version-externally-managed install_data
[3.406s] running egg_info
[3.408s] writing ../../build/atvpi/atvpi.egg-info/PKG-INFO
[3.409s] writing dependency_links to ../../build/atvpi/atvpi.egg-info/dependency_links.txt
[3.410s] writing entry points to ../../build/atvpi/atvpi.egg-info/entry_points.txt
[3.411s] writing requirements to ../../build/atvpi/atvpi.egg-info/requires.txt
[3.411s] writing top-level names to ../../build/atvpi/atvpi.egg-info/top_level.txt
[3.419s] reading manifest file '../../build/atvpi/atvpi.egg-info/SOURCES.txt'
[3.421s] adding license file 'LICENSE'
[3.423s] writing manifest file '../../build/atvpi/atvpi.egg-info/SOURCES.txt'
[3.424s] running build
[3.424s] running build_py
[3.425s] copying atvpi/sub_node.py -> /home/pi/code/ws/build/atvpi/build/lib/atvpi
[3.427s] running install
[3.428s] running install_lib
[3.432s] copying /home/pi/code/ws/build/atvpi/build/lib/atvpi/sub_node.py -> /home/pi/code/ws/install/atvpi/lib/python3.10/site-packages/atvpi
[3.435s] byte-compiling /home/pi/code/ws/install/atvpi/lib/python3.10/site-packages/atvpi/sub_node.py to sub_node.cpython-310.pyc
[3.440s] running install_data
[3.440s] running install_egg_info
[3.447s] removing '/home/pi/code/ws/install/atvpi/lib/python3.10/site-packages/atvpi-0.0.0-py3.10.egg-info' (and everything under it)
[3.449s] Copying ../../build/atvpi/atvpi.egg-info to /home/pi/code/ws/install/atvpi/lib/python3.10/site-packages/atvpi-0.0.0-py3.10.egg-info
[3.453s] running install_scripts
[3.529s] Installing sub script to /home/pi/code/ws/install/atvpi/lib/atvpi
[3.530s] Installing talker script to /home/pi/code/ws/install/atvpi/lib/atvpi
[3.532s] writing list of installed files to '/home/pi/code/ws/build/atvpi/install.log'
[3.645s] Invoked command in '/home/pi/code/ws/src/atvpi' returned '0': PYTHONPATH=/home/pi/code/ws/build/atvpi/prefix_override:/usr/lib/python3/dist-packages/colcon_core/task/python/colcon_distutils_commands:/home/pi/code/ws/install/atvpi/lib/python3.10/site-packages:${PYTHONPATH} /usr/bin/python3 -W ignore:setup.py install is deprecated setup.py egg_info --egg-base ../../build/atvpi build --build-base /home/pi/code/ws/build/atvpi/build install --record /home/pi/code/ws/build/atvpi/install.log --single-version-externally-managed install_data
