[3.108s] Invoking command in '/home/pi/code/ws/src/atvpi': PYTHONPATH=/home/pi/code/ws/build/atvpi/prefix_override:/usr/lib/python3/dist-packages/colcon_core/task/python/colcon_distutils_commands:/home/pi/code/ws/install/atvpi/lib/python3.10/site-packages:${PYTHONPATH} /usr/bin/python3 -W ignore:setup.py install is deprecated setup.py egg_info --egg-base ../../build/atvpi build --build-base /home/pi/code/ws/build/atvpi/build install --record /home/pi/code/ws/build/atvpi/install.log --single-version-externally-managed install_data
[4.040s] running egg_info
[4.042s] writing ../../build/atvpi/atvpi.egg-info/PKG-INFO
[4.047s] writing dependency_links to ../../build/atvpi/atvpi.egg-info/dependency_links.txt
[4.048s] writing entry points to ../../build/atvpi/atvpi.egg-info/entry_points.txt
[4.049s] writing requirements to ../../build/atvpi/atvpi.egg-info/requires.txt
[4.050s] writing top-level names to ../../build/atvpi/atvpi.egg-info/top_level.txt
[4.059s] reading manifest file '../../build/atvpi/atvpi.egg-info/SOURCES.txt'
[4.065s] adding license file 'LICENSE'
[4.067s] writing manifest file '../../build/atvpi/atvpi.egg-info/SOURCES.txt'
[4.068s] running build
[4.069s] running build_py
[4.072s] running install
[4.073s] running install_lib
[4.080s] running install_data
[4.081s] running install_egg_info
[4.088s] removing '/home/pi/code/ws/install/atvpi/lib/python3.10/site-packages/atvpi-0.0.0-py3.10.egg-info' (and everything under it)
[4.090s] Copying ../../build/atvpi/atvpi.egg-info to /home/pi/code/ws/install/atvpi/lib/python3.10/site-packages/atvpi-0.0.0-py3.10.egg-info
[4.098s] running install_scripts
[4.177s] Installing sub script to /home/pi/code/ws/install/atvpi/lib/atvpi
[4.178s] Installing talker script to /home/pi/code/ws/install/atvpi/lib/atvpi
[4.180s] writing list of installed files to '/home/pi/code/ws/build/atvpi/install.log'
[4.292s] Invoked command in '/home/pi/code/ws/src/atvpi' returned '0': PYTHONPATH=/home/pi/code/ws/build/atvpi/prefix_override:/usr/lib/python3/dist-packages/colcon_core/task/python/colcon_distutils_commands:/home/pi/code/ws/install/atvpi/lib/python3.10/site-packages:${PYTHONPATH} /usr/bin/python3 -W ignore:setup.py install is deprecated setup.py egg_info --egg-base ../../build/atvpi build --build-base /home/pi/code/ws/build/atvpi/build install --record /home/pi/code/ws/build/atvpi/install.log --single-version-externally-managed install_data
