[2.487s] Invoking command in '/home/pi/code/ws/src/atvpi': PYTHONPATH=/home/pi/code/ws/build/atvpi/prefix_override:/usr/lib/python3/dist-packages/colcon_core/task/python/colcon_distutils_commands:/home/pi/code/ws/install/atvpi/lib/python3.10/site-packages:${PYTHONPATH} /usr/bin/python3 -W ignore:setup.py install is deprecated setup.py egg_info --egg-base ../../build/atvpi build --build-base /home/pi/code/ws/build/atvpi/build install --record /home/pi/code/ws/build/atvpi/install.log --single-version-externally-managed install_data
[3.429s] running egg_info
[3.431s] writing ../../build/atvpi/atvpi.egg-info/PKG-INFO
[3.432s] writing dependency_links to ../../build/atvpi/atvpi.egg-info/dependency_links.txt
[3.433s] writing entry points to ../../build/atvpi/atvpi.egg-info/entry_points.txt
[3.434s] writing requirements to ../../build/atvpi/atvpi.egg-info/requires.txt
[3.434s] writing top-level names to ../../build/atvpi/atvpi.egg-info/top_level.txt
[3.442s] reading manifest file '../../build/atvpi/atvpi.egg-info/SOURCES.txt'
[3.444s] adding license file 'LICENSE'
[3.446s] writing manifest file '../../build/atvpi/atvpi.egg-info/SOURCES.txt'
[3.447s] running build
[3.447s] running build_py
[3.448s] copying atvpi/sub_node.py -> /home/pi/code/ws/build/atvpi/build/lib/atvpi
[3.450s] running install
[3.451s] running install_lib
[3.455s] copying /home/pi/code/ws/build/atvpi/build/lib/atvpi/sub_node.py -> /home/pi/code/ws/install/atvpi/lib/python3.10/site-packages/atvpi
[3.458s] byte-compiling /home/pi/code/ws/install/atvpi/lib/python3.10/site-packages/atvpi/sub_node.py to sub_node.cpython-310.pyc
[3.462s] running install_data
[3.463s] running install_egg_info
[3.470s] removing '/home/pi/code/ws/install/atvpi/lib/python3.10/site-packages/atvpi-0.0.0-py3.10.egg-info' (and everything under it)
[3.471s] Copying ../../build/atvpi/atvpi.egg-info to /home/pi/code/ws/install/atvpi/lib/python3.10/site-packages/atvpi-0.0.0-py3.10.egg-info
[3.476s] running install_scripts
[3.552s] Installing sub script to /home/pi/code/ws/install/atvpi/lib/atvpi
[3.553s] Installing talker script to /home/pi/code/ws/install/atvpi/lib/atvpi
[3.555s] writing list of installed files to '/home/pi/code/ws/build/atvpi/install.log'
[3.669s] Invoked command in '/home/pi/code/ws/src/atvpi' returned '0': PYTHONPATH=/home/pi/code/ws/build/atvpi/prefix_override:/usr/lib/python3/dist-packages/colcon_core/task/python/colcon_distutils_commands:/home/pi/code/ws/install/atvpi/lib/python3.10/site-packages:${PYTHONPATH} /usr/bin/python3 -W ignore:setup.py install is deprecated setup.py egg_info --egg-base ../../build/atvpi build --build-base /home/pi/code/ws/build/atvpi/build install --record /home/pi/code/ws/build/atvpi/install.log --single-version-externally-managed install_data
