[3.119s] Invoking command in '/home/pi/code/ws/src/atvpi': PYTHONPATH=/home/pi/code/ws/build/atvpi/prefix_override:/usr/lib/python3/dist-packages/colcon_core/task/python/colcon_distutils_commands:/home/pi/code/ws/install/atvpi/lib/python3.10/site-packages:${PYTHONPATH} /usr/bin/python3 -W ignore:setup.py install is deprecated setup.py egg_info --egg-base ../../build/atvpi build --build-base /home/pi/code/ws/build/atvpi/build install --record /home/pi/code/ws/build/atvpi/install.log --single-version-externally-managed install_data
[4.052s] running egg_info
[4.055s] writing ../../build/atvpi/atvpi.egg-info/PKG-INFO
[4.061s] writing dependency_links to ../../build/atvpi/atvpi.egg-info/dependency_links.txt
[4.062s] writing entry points to ../../build/atvpi/atvpi.egg-info/entry_points.txt
[4.063s] writing requirements to ../../build/atvpi/atvpi.egg-info/requires.txt
[4.064s] writing top-level names to ../../build/atvpi/atvpi.egg-info/top_level.txt
[4.074s] reading manifest file '../../build/atvpi/atvpi.egg-info/SOURCES.txt'
[4.076s] adding license file 'LICENSE'
[4.078s] writing manifest file '../../build/atvpi/atvpi.egg-info/SOURCES.txt'
[4.079s] running build
[4.079s] running build_py
[4.082s] copying atvpi/sub_node.py -> /home/pi/code/ws/build/atvpi/build/lib/atvpi
[4.084s] running install
[4.085s] running install_lib
[4.090s] copying /home/pi/code/ws/build/atvpi/build/lib/atvpi/sub_node.py -> /home/pi/code/ws/install/atvpi/lib/python3.10/site-packages/atvpi
[4.094s] byte-compiling /home/pi/code/ws/install/atvpi/lib/python3.10/site-packages/atvpi/sub_node.py to sub_node.cpython-310.pyc
[4.098s] running install_data
[4.099s] running install_egg_info
[4.106s] removing '/home/pi/code/ws/install/atvpi/lib/python3.10/site-packages/atvpi-0.0.0-py3.10.egg-info' (and everything under it)
[4.107s] Copying ../../build/atvpi/atvpi.egg-info to /home/pi/code/ws/install/atvpi/lib/python3.10/site-packages/atvpi-0.0.0-py3.10.egg-info
[4.116s] running install_scripts
[4.194s] Installing sub script to /home/pi/code/ws/install/atvpi/lib/atvpi
[4.195s] Installing talker script to /home/pi/code/ws/install/atvpi/lib/atvpi
[4.196s] writing list of installed files to '/home/pi/code/ws/build/atvpi/install.log'
[4.309s] Invoked command in '/home/pi/code/ws/src/atvpi' returned '0': PYTHONPATH=/home/pi/code/ws/build/atvpi/prefix_override:/usr/lib/python3/dist-packages/colcon_core/task/python/colcon_distutils_commands:/home/pi/code/ws/install/atvpi/lib/python3.10/site-packages:${PYTHONPATH} /usr/bin/python3 -W ignore:setup.py install is deprecated setup.py egg_info --egg-base ../../build/atvpi build --build-base /home/pi/code/ws/build/atvpi/build install --record /home/pi/code/ws/build/atvpi/install.log --single-version-externally-managed install_data
