[2.493s] Invoking command in '/home/pi/code/ws/src/atvpi': PYTHONPATH=/home/pi/code/ws/build/atvpi/prefix_override:/usr/lib/python3/dist-packages/colcon_core/task/python/colcon_distutils_commands:/home/pi/code/ws/install/atvpi/lib/python3.10/site-packages:${PYTHONPATH} /usr/bin/python3 -W ignore:setup.py install is deprecated setup.py egg_info --egg-base ../../build/atvpi build --build-base /home/pi/code/ws/build/atvpi/build install --record /home/pi/code/ws/build/atvpi/install.log --single-version-externally-managed install_data
[3.436s] running egg_info
[3.438s] writing ../../build/atvpi/atvpi.egg-info/PKG-INFO
[3.439s] writing dependency_links to ../../build/atvpi/atvpi.egg-info/dependency_links.txt
[3.440s] writing entry points to ../../build/atvpi/atvpi.egg-info/entry_points.txt
[3.441s] writing requirements to ../../build/atvpi/atvpi.egg-info/requires.txt
[3.441s] writing top-level names to ../../build/atvpi/atvpi.egg-info/top_level.txt
[3.449s] reading manifest file '../../build/atvpi/atvpi.egg-info/SOURCES.txt'
[3.451s] adding license file 'LICENSE'
[3.453s] writing manifest file '../../build/atvpi/atvpi.egg-info/SOURCES.txt'
[3.454s] running build
[3.454s] running build_py
[3.455s] copying atvpi/sub_node.py -> /home/pi/code/ws/build/atvpi/build/lib/atvpi
[3.457s] running install
[3.458s] running install_lib
[3.462s] copying /home/pi/code/ws/build/atvpi/build/lib/atvpi/sub_node.py -> /home/pi/code/ws/install/atvpi/lib/python3.10/site-packages/atvpi
[3.465s] byte-compiling /home/pi/code/ws/install/atvpi/lib/python3.10/site-packages/atvpi/sub_node.py to sub_node.cpython-310.pyc
[3.470s] running install_data
[3.470s] running install_egg_info
[3.477s] removing '/home/pi/code/ws/install/atvpi/lib/python3.10/site-packages/atvpi-0.0.0-py3.10.egg-info' (and everything under it)
[3.478s] Copying ../../build/atvpi/atvpi.egg-info to /home/pi/code/ws/install/atvpi/lib/python3.10/site-packages/atvpi-0.0.0-py3.10.egg-info
[3.483s] running install_scripts
[3.560s] Installing sub script to /home/pi/code/ws/install/atvpi/lib/atvpi
[3.561s] Installing talker script to /home/pi/code/ws/install/atvpi/lib/atvpi
[3.562s] writing list of installed files to '/home/pi/code/ws/build/atvpi/install.log'
[3.674s] Invoked command in '/home/pi/code/ws/src/atvpi' returned '0': PYTHONPATH=/home/pi/code/ws/build/atvpi/prefix_override:/usr/lib/python3/dist-packages/colcon_core/task/python/colcon_distutils_commands:/home/pi/code/ws/install/atvpi/lib/python3.10/site-packages:${PYTHONPATH} /usr/bin/python3 -W ignore:setup.py install is deprecated setup.py egg_info --egg-base ../../build/atvpi build --build-base /home/pi/code/ws/build/atvpi/build install --record /home/pi/code/ws/build/atvpi/install.log --single-version-externally-managed install_data
