running egg_info
creating ../../build/atvpi/atvpi.egg-info
writing ../../build/atvpi/atvpi.egg-info/PKG-INFO
writing dependency_links to ../../build/atvpi/atvpi.egg-info/dependency_links.txt
writing entry points to ../../build/atvpi/atvpi.egg-info/entry_points.txt
writing requirements to ../../build/atvpi/atvpi.egg-info/requires.txt
writing top-level names to ../../build/atvpi/atvpi.egg-info/top_level.txt
writing manifest file '../../build/atvpi/atvpi.egg-info/SOURCES.txt'
reading manifest file '../../build/atvpi/atvpi.egg-info/SOURCES.txt'
adding license file 'LICENSE'
writing manifest file '../../build/atvpi/atvpi.egg-info/SOURCES.txt'
running build
running build_py
creating /home/pi/code/ws/build/atvpi/build
creating /home/pi/code/ws/build/atvpi/build/lib
creating /home/pi/code/ws/build/atvpi/build/lib/atvpi
copying atvpi/__init__.py -> /home/pi/code/ws/build/atvpi/build/lib/atvpi
copying atvpi/sub_old.py -> /home/pi/code/ws/build/atvpi/build/lib/atvpi
copying atvpi/uart.py -> /home/pi/code/ws/build/atvpi/build/lib/atvpi
copying atvpi/sub_node.py -> /home/pi/code/ws/build/atvpi/build/lib/atvpi
copying atvpi/pub.py -> /home/pi/code/ws/build/atvpi/build/lib/atvpi
running install
running install_lib
creating /home/pi/code/ws/install/atvpi/lib/python3.10/site-packages/atvpi
copying /home/pi/code/ws/build/atvpi/build/lib/atvpi/__init__.py -> /home/pi/code/ws/install/atvpi/lib/python3.10/site-packages/atvpi
copying /home/pi/code/ws/build/atvpi/build/lib/atvpi/sub_old.py -> /home/pi/code/ws/install/atvpi/lib/python3.10/site-packages/atvpi
copying /home/pi/code/ws/build/atvpi/build/lib/atvpi/uart.py -> /home/pi/code/ws/install/atvpi/lib/python3.10/site-packages/atvpi
copying /home/pi/code/ws/build/atvpi/build/lib/atvpi/sub_node.py -> /home/pi/code/ws/install/atvpi/lib/python3.10/site-packages/atvpi
copying /home/pi/code/ws/build/atvpi/build/lib/atvpi/pub.py -> /home/pi/code/ws/install/atvpi/lib/python3.10/site-packages/atvpi
byte-compiling /home/pi/code/ws/install/atvpi/lib/python3.10/site-packages/atvpi/__init__.py to __init__.cpython-310.pyc
byte-compiling /home/pi/code/ws/install/atvpi/lib/python3.10/site-packages/atvpi/sub_old.py to sub_old.cpython-310.pyc
byte-compiling /home/pi/code/ws/install/atvpi/lib/python3.10/site-packages/atvpi/uart.py to uart.cpython-310.pyc
byte-compiling /home/pi/code/ws/install/atvpi/lib/python3.10/site-packages/atvpi/sub_node.py to sub_node.cpython-310.pyc
byte-compiling /home/pi/code/ws/install/atvpi/lib/python3.10/site-packages/atvpi/pub.py to pub.cpython-310.pyc
running install_data
creating /home/pi/code/ws/install/atvpi/share/ament_index
creating /home/pi/code/ws/install/atvpi/share/ament_index/resource_index
creating /home/pi/code/ws/install/atvpi/share/ament_index/resource_index/packages
copying resource/atvpi -> /home/pi/code/ws/install/atvpi/share/ament_index/resource_index/packages
copying package.xml -> /home/pi/code/ws/install/atvpi/share/atvpi
running install_egg_info
Copying ../../build/atvpi/atvpi.egg-info to /home/pi/code/ws/install/atvpi/lib/python3.10/site-packages/atvpi-0.0.0-py3.10.egg-info
running install_scripts
Installing sub script to /home/pi/code/ws/install/atvpi/lib/atvpi
Installing talker script to /home/pi/code/ws/install/atvpi/lib/atvpi
writing list of installed files to '/home/pi/code/ws/build/atvpi/install.log'
