[0.076s] DEBUG:colcon:Command line arguments: ['/usr/bin/colcon', 'build', '--symlink-install']
[0.076s] DEBUG:colcon:Parsed command line arguments: Namespace(log_base=None, log_level=None, verb_name='build', build_base='build', install_base='install', merge_install=False, symlink_install=True, test_result_base=None, continue_on_error=False, executor='parallel', parallel_workers=16, event_handlers=None, ignore_user_meta=False, metas=['./colcon.meta'], base_paths=['.'], packages_ignore=None, packages_ignore_regex=None, paths=None, packages_up_to=None, packages_up_to_regex=None, packages_above=None, packages_above_and_dependencies=None, packages_above_depth=None, packages_select_by_dep=None, packages_skip_by_dep=None, packages_skip_up_to=None, packages_select_build_failed=False, packages_skip_build_finished=False, packages_select_test_failures=False, packages_skip_test_passed=False, packages_select=None, packages_skip=None, packages_select_regex=None, packages_skip_regex=None, packages_start=None, packages_end=None, allow_overriding=[], cmake_args=None, cmake_target=None, cmake_target_skip_unavailable=False, cmake_clean_cache=False, cmake_clean_first=False, cmake_force_configure=False, ament_cmake_args=None, catkin_cmake_args=None, catkin_skip_building_tests=False, mixin_files=None, mixin=None, verb_parser=<colcon_mixin.mixin.mixin_argument.MixinArgumentDecorator object at 0x7bf0fb832920>, verb_extension=<colcon_core.verb.build.BuildVerb object at 0x7bf0fb936ec0>, main=<bound method BuildVerb.main of <colcon_core.verb.build.BuildVerb object at 0x7bf0fb936ec0>>, mixin_verb=('build',))
[0.203s] Level 1:colcon.colcon_core.package_discovery:discover_packages(colcon_meta) check parameters
[0.204s] Level 1:colcon.colcon_core.package_discovery:discover_packages(recursive) check parameters
[0.204s] Level 1:colcon.colcon_core.package_discovery:discover_packages(ignore) check parameters
[0.204s] Level 1:colcon.colcon_core.package_discovery:discover_packages(path) check parameters
[0.204s] Level 1:colcon.colcon_core.package_discovery:discover_packages(colcon_meta) discover
[0.204s] Level 1:colcon.colcon_core.package_discovery:discover_packages(recursive) discover
[0.204s] INFO:colcon.colcon_core.package_discovery:Crawling recursively for packages in '/home/aquoza/Rover-ros'
[0.204s] Level 1:colcon.colcon_core.package_identification:_identify(.) by extensions ['ignore', 'ignore_ament_install']
[0.204s] Level 1:colcon.colcon_core.package_identification:_identify(.) by extension 'ignore'
[0.204s] Level 1:colcon.colcon_core.package_identification:_identify(.) by extension 'ignore_ament_install'
[0.204s] Level 1:colcon.colcon_core.package_identification:_identify(.) by extensions ['colcon_pkg']
[0.204s] Level 1:colcon.colcon_core.package_identification:_identify(.) by extension 'colcon_pkg'
[0.204s] Level 1:colcon.colcon_core.package_identification:_identify(.) by extensions ['colcon_meta']
[0.204s] Level 1:colcon.colcon_core.package_identification:_identify(.) by extension 'colcon_meta'
[0.204s] Level 1:colcon.colcon_core.package_identification:_identify(.) by extensions ['ros']
[0.204s] Level 1:colcon.colcon_core.package_identification:_identify(.) by extension 'ros'
[0.211s] Level 1:colcon.colcon_core.package_identification:_identify(.) by extensions ['cmake', 'python']
[0.211s] Level 1:colcon.colcon_core.package_identification:_identify(.) by extension 'cmake'
[0.211s] Level 1:colcon.colcon_core.package_identification:_identify(.) by extension 'python'
[0.211s] Level 1:colcon.colcon_core.package_identification:_identify(.) by extensions ['python_setup_py']
[0.211s] Level 1:colcon.colcon_core.package_identification:_identify(.) by extension 'python_setup_py'
[0.212s] Level 1:colcon.colcon_core.package_identification:_identify(build) by extensions ['ignore', 'ignore_ament_install']
[0.212s] Level 1:colcon.colcon_core.package_identification:_identify(build) by extension 'ignore'
[0.212s] Level 1:colcon.colcon_core.package_identification:_identify(build) ignored
[0.212s] Level 1:colcon.colcon_core.package_identification:_identify(install) by extensions ['ignore', 'ignore_ament_install']
[0.212s] Level 1:colcon.colcon_core.package_identification:_identify(install) by extension 'ignore'
[0.212s] Level 1:colcon.colcon_core.package_identification:_identify(install) ignored
[0.212s] Level 1:colcon.colcon_core.package_identification:_identify(log) by extensions ['ignore', 'ignore_ament_install']
[0.212s] Level 1:colcon.colcon_core.package_identification:_identify(log) by extension 'ignore'
[0.212s] Level 1:colcon.colcon_core.package_identification:_identify(log) ignored
[0.212s] Level 1:colcon.colcon_core.package_identification:_identify(ws) by extensions ['ignore', 'ignore_ament_install']
[0.212s] Level 1:colcon.colcon_core.package_identification:_identify(ws) by extension 'ignore'
[0.212s] Level 1:colcon.colcon_core.package_identification:_identify(ws) by extension 'ignore_ament_install'
[0.212s] Level 1:colcon.colcon_core.package_identification:_identify(ws) by extensions ['colcon_pkg']
[0.212s] Level 1:colcon.colcon_core.package_identification:_identify(ws) by extension 'colcon_pkg'
[0.212s] Level 1:colcon.colcon_core.package_identification:_identify(ws) by extensions ['colcon_meta']
[0.212s] Level 1:colcon.colcon_core.package_identification:_identify(ws) by extension 'colcon_meta'
[0.212s] Level 1:colcon.colcon_core.package_identification:_identify(ws) by extensions ['ros']
[0.212s] Level 1:colcon.colcon_core.package_identification:_identify(ws) by extension 'ros'
[0.212s] Level 1:colcon.colcon_core.package_identification:_identify(ws) by extensions ['cmake', 'python']
[0.212s] Level 1:colcon.colcon_core.package_identification:_identify(ws) by extension 'cmake'
[0.212s] Level 1:colcon.colcon_core.package_identification:_identify(ws) by extension 'python'
[0.213s] Level 1:colcon.colcon_core.package_identification:_identify(ws) by extensions ['python_setup_py']
[0.213s] Level 1:colcon.colcon_core.package_identification:_identify(ws) by extension 'python_setup_py'
[0.213s] Level 1:colcon.colcon_core.package_identification:_identify(ws/build) by extensions ['ignore', 'ignore_ament_install']
[0.213s] Level 1:colcon.colcon_core.package_identification:_identify(ws/build) by extension 'ignore'
[0.213s] Level 1:colcon.colcon_core.package_identification:_identify(ws/build) ignored
[0.213s] Level 1:colcon.colcon_core.package_identification:_identify(ws/install) by extensions ['ignore', 'ignore_ament_install']
[0.213s] Level 1:colcon.colcon_core.package_identification:_identify(ws/install) by extension 'ignore'
[0.213s] Level 1:colcon.colcon_core.package_identification:_identify(ws/install) ignored
[0.213s] Level 1:colcon.colcon_core.package_identification:_identify(ws/log) by extensions ['ignore', 'ignore_ament_install']
[0.213s] Level 1:colcon.colcon_core.package_identification:_identify(ws/log) by extension 'ignore'
[0.213s] Level 1:colcon.colcon_core.package_identification:_identify(ws/log) ignored
[0.213s] Level 1:colcon.colcon_core.package_identification:_identify(ws/src) by extensions ['ignore', 'ignore_ament_install']
[0.213s] Level 1:colcon.colcon_core.package_identification:_identify(ws/src) by extension 'ignore'
[0.213s] Level 1:colcon.colcon_core.package_identification:_identify(ws/src) by extension 'ignore_ament_install'
[0.213s] Level 1:colcon.colcon_core.package_identification:_identify(ws/src) by extensions ['colcon_pkg']
[0.213s] Level 1:colcon.colcon_core.package_identification:_identify(ws/src) by extension 'colcon_pkg'
[0.213s] Level 1:colcon.colcon_core.package_identification:_identify(ws/src) by extensions ['colcon_meta']
[0.213s] Level 1:colcon.colcon_core.package_identification:_identify(ws/src) by extension 'colcon_meta'
[0.213s] Level 1:colcon.colcon_core.package_identification:_identify(ws/src) by extensions ['ros']
[0.213s] Level 1:colcon.colcon_core.package_identification:_identify(ws/src) by extension 'ros'
[0.213s] Level 1:colcon.colcon_core.package_identification:_identify(ws/src) by extensions ['cmake', 'python']
[0.213s] Level 1:colcon.colcon_core.package_identification:_identify(ws/src) by extension 'cmake'
[0.213s] Level 1:colcon.colcon_core.package_identification:_identify(ws/src) by extension 'python'
[0.214s] Level 1:colcon.colcon_core.package_identification:_identify(ws/src) by extensions ['python_setup_py']
[0.214s] Level 1:colcon.colcon_core.package_identification:_identify(ws/src) by extension 'python_setup_py'
[0.214s] Level 1:colcon.colcon_core.package_identification:_identify(ws/src/atvpi) by extensions ['ignore', 'ignore_ament_install']
[0.214s] Level 1:colcon.colcon_core.package_identification:_identify(ws/src/atvpi) by extension 'ignore'
[0.214s] Level 1:colcon.colcon_core.package_identification:_identify(ws/src/atvpi) by extension 'ignore_ament_install'
[0.214s] Level 1:colcon.colcon_core.package_identification:_identify(ws/src/atvpi) by extensions ['colcon_pkg']
[0.214s] Level 1:colcon.colcon_core.package_identification:_identify(ws/src/atvpi) by extension 'colcon_pkg'
[0.214s] Level 1:colcon.colcon_core.package_identification:_identify(ws/src/atvpi) by extensions ['colcon_meta']
[0.214s] Level 1:colcon.colcon_core.package_identification:_identify(ws/src/atvpi) by extension 'colcon_meta'
[0.214s] Level 1:colcon.colcon_core.package_identification:_identify(ws/src/atvpi) by extensions ['ros']
[0.214s] Level 1:colcon.colcon_core.package_identification:_identify(ws/src/atvpi) by extension 'ros'
[0.215s] DEBUG:colcon.colcon_core.package_identification:Package 'ws/src/atvpi' with type 'ros.ament_python' and name 'atvpi'
[0.216s] Level 1:colcon.colcon_core.package_identification:_identify(ws/src/gamepad_websocket) by extensions ['ignore', 'ignore_ament_install']
[0.216s] Level 1:colcon.colcon_core.package_identification:_identify(ws/src/gamepad_websocket) by extension 'ignore'
[0.216s] Level 1:colcon.colcon_core.package_identification:_identify(ws/src/gamepad_websocket) by extension 'ignore_ament_install'
[0.216s] Level 1:colcon.colcon_core.package_identification:_identify(ws/src/gamepad_websocket) by extensions ['colcon_pkg']
[0.216s] Level 1:colcon.colcon_core.package_identification:_identify(ws/src/gamepad_websocket) by extension 'colcon_pkg'
[0.216s] Level 1:colcon.colcon_core.package_identification:_identify(ws/src/gamepad_websocket) by extensions ['colcon_meta']
[0.216s] Level 1:colcon.colcon_core.package_identification:_identify(ws/src/gamepad_websocket) by extension 'colcon_meta'
[0.216s] Level 1:colcon.colcon_core.package_identification:_identify(ws/src/gamepad_websocket) by extensions ['ros']
[0.216s] Level 1:colcon.colcon_core.package_identification:_identify(ws/src/gamepad_websocket) by extension 'ros'
[0.216s] DEBUG:colcon.colcon_core.package_identification:Package 'ws/src/gamepad_websocket' with type 'ros.ament_python' and name 'gamepad_websocket'
[0.216s] Level 1:colcon.colcon_core.package_discovery:discover_packages(recursive) using defaults
[0.216s] Level 1:colcon.colcon_core.package_discovery:discover_packages(ignore) discover
[0.216s] Level 1:colcon.colcon_core.package_discovery:discover_packages(ignore) using defaults
[0.216s] Level 1:colcon.colcon_core.package_discovery:discover_packages(path) discover
[0.216s] Level 1:colcon.colcon_core.package_discovery:discover_packages(path) using defaults
[0.236s] Level 1:colcon.colcon_core.package_discovery:discover_packages(prefix_path) check parameters
[0.236s] Level 1:colcon.colcon_core.package_discovery:discover_packages(prefix_path) discover
[0.238s] DEBUG:colcon.colcon_installed_package_information.package_discovery:Found 270 installed packages in /opt/ros/humble
[0.239s] Level 1:colcon.colcon_core.package_discovery:discover_packages(prefix_path) using defaults
[0.266s] Level 5:colcon.colcon_core.verb:set package 'atvpi' build argument 'cmake_args' from command line to 'None'
[0.266s] Level 5:colcon.colcon_core.verb:set package 'atvpi' build argument 'cmake_target' from command line to 'None'
[0.266s] Level 5:colcon.colcon_core.verb:set package 'atvpi' build argument 'cmake_target_skip_unavailable' from command line to 'False'
[0.266s] Level 5:colcon.colcon_core.verb:set package 'atvpi' build argument 'cmake_clean_cache' from command line to 'False'
[0.266s] Level 5:colcon.colcon_core.verb:set package 'atvpi' build argument 'cmake_clean_first' from command line to 'False'
[0.266s] Level 5:colcon.colcon_core.verb:set package 'atvpi' build argument 'cmake_force_configure' from command line to 'False'
[0.266s] Level 5:colcon.colcon_core.verb:set package 'atvpi' build argument 'ament_cmake_args' from command line to 'None'
[0.266s] Level 5:colcon.colcon_core.verb:set package 'atvpi' build argument 'catkin_cmake_args' from command line to 'None'
[0.266s] Level 5:colcon.colcon_core.verb:set package 'atvpi' build argument 'catkin_skip_building_tests' from command line to 'False'
[0.266s] DEBUG:colcon.colcon_core.verb:Building package 'atvpi' with the following arguments: {'ament_cmake_args': None, 'build_base': '/home/aquoza/Rover-ros/build/atvpi', 'catkin_cmake_args': None, 'catkin_skip_building_tests': False, 'cmake_args': None, 'cmake_clean_cache': False, 'cmake_clean_first': False, 'cmake_force_configure': False, 'cmake_target': None, 'cmake_target_skip_unavailable': False, 'install_base': '/home/aquoza/Rover-ros/install/atvpi', 'merge_install': False, 'path': '/home/aquoza/Rover-ros/ws/src/atvpi', 'symlink_install': True, 'test_result_base': None}
[0.266s] Level 5:colcon.colcon_core.verb:set package 'gamepad_websocket' build argument 'cmake_args' from command line to 'None'
[0.266s] Level 5:colcon.colcon_core.verb:set package 'gamepad_websocket' build argument 'cmake_target' from command line to 'None'
[0.266s] Level 5:colcon.colcon_core.verb:set package 'gamepad_websocket' build argument 'cmake_target_skip_unavailable' from command line to 'False'
[0.266s] Level 5:colcon.colcon_core.verb:set package 'gamepad_websocket' build argument 'cmake_clean_cache' from command line to 'False'
[0.266s] Level 5:colcon.colcon_core.verb:set package 'gamepad_websocket' build argument 'cmake_clean_first' from command line to 'False'
[0.266s] Level 5:colcon.colcon_core.verb:set package 'gamepad_websocket' build argument 'cmake_force_configure' from command line to 'False'
[0.266s] Level 5:colcon.colcon_core.verb:set package 'gamepad_websocket' build argument 'ament_cmake_args' from command line to 'None'
[0.266s] Level 5:colcon.colcon_core.verb:set package 'gamepad_websocket' build argument 'catkin_cmake_args' from command line to 'None'
[0.266s] Level 5:colcon.colcon_core.verb:set package 'gamepad_websocket' build argument 'catkin_skip_building_tests' from command line to 'False'
[0.266s] DEBUG:colcon.colcon_core.verb:Building package 'gamepad_websocket' with the following arguments: {'ament_cmake_args': None, 'build_base': '/home/aquoza/Rover-ros/build/gamepad_websocket', 'catkin_cmake_args': None, 'catkin_skip_building_tests': False, 'cmake_args': None, 'cmake_clean_cache': False, 'cmake_clean_first': False, 'cmake_force_configure': False, 'cmake_target': None, 'cmake_target_skip_unavailable': False, 'install_base': '/home/aquoza/Rover-ros/install/gamepad_websocket', 'merge_install': False, 'path': '/home/aquoza/Rover-ros/ws/src/gamepad_websocket', 'symlink_install': True, 'test_result_base': None}
[0.266s] INFO:colcon.colcon_core.executor:Executing jobs using 'parallel' executor
[0.267s] DEBUG:colcon.colcon_parallel_executor.executor.parallel:run_until_complete
[0.267s] INFO:colcon.colcon_ros.task.ament_python.build:Building ROS package in '/home/aquoza/Rover-ros/ws/src/atvpi' with build type 'ament_python'
[0.267s] Level 1:colcon.colcon_core.shell:create_environment_hook('atvpi', 'ament_prefix_path')
[0.269s] INFO:colcon.colcon_core.plugin_system:Skipping extension 'colcon_core.shell.bat': Not used on non-Windows systems
[0.269s] INFO:colcon.colcon_core.shell:Creating environment hook '/home/aquoza/Rover-ros/install/atvpi/share/atvpi/hook/ament_prefix_path.ps1'
[0.270s] INFO:colcon.colcon_core.shell:Creating environment descriptor '/home/aquoza/Rover-ros/install/atvpi/share/atvpi/hook/ament_prefix_path.dsv'
[0.270s] INFO:colcon.colcon_core.shell:Creating environment hook '/home/aquoza/Rover-ros/install/atvpi/share/atvpi/hook/ament_prefix_path.sh'
[0.270s] INFO:colcon.colcon_core.shell:Skip shell extension 'powershell' for command environment: Not usable outside of PowerShell
[0.270s] DEBUG:colcon.colcon_core.shell:Skip shell extension 'dsv' for command environment
[0.272s] INFO:colcon.colcon_ros.task.ament_python.build:Building ROS package in '/home/aquoza/Rover-ros/ws/src/gamepad_websocket' with build type 'ament_python'
[0.272s] Level 1:colcon.colcon_core.shell:create_environment_hook('gamepad_websocket', 'ament_prefix_path')
[0.273s] INFO:colcon.colcon_core.shell:Creating environment hook '/home/aquoza/Rover-ros/install/gamepad_websocket/share/gamepad_websocket/hook/ament_prefix_path.ps1'
[0.273s] INFO:colcon.colcon_core.shell:Creating environment descriptor '/home/aquoza/Rover-ros/install/gamepad_websocket/share/gamepad_websocket/hook/ament_prefix_path.dsv'
[0.273s] INFO:colcon.colcon_core.shell:Creating environment hook '/home/aquoza/Rover-ros/install/gamepad_websocket/share/gamepad_websocket/hook/ament_prefix_path.sh'
[0.274s] INFO:colcon.colcon_core.shell:Skip shell extension 'powershell' for command environment: Not usable outside of PowerShell
[0.274s] DEBUG:colcon.colcon_core.shell:Skip shell extension 'dsv' for command environment
[0.459s] INFO:colcon.colcon_core.task.python.build:Building Python package in '/home/aquoza/Rover-ros/ws/src/atvpi'
[0.459s] INFO:colcon.colcon_core.shell:Skip shell extension 'powershell' for command environment: Not usable outside of PowerShell
[0.459s] DEBUG:colcon.colcon_core.shell:Skip shell extension 'dsv' for command environment
[0.644s] INFO:colcon.colcon_core.task.python.build:Building Python package in '/home/aquoza/Rover-ros/ws/src/gamepad_websocket'
[0.644s] INFO:colcon.colcon_core.shell:Skip shell extension 'powershell' for command environment: Not usable outside of PowerShell
[0.644s] DEBUG:colcon.colcon_core.shell:Skip shell extension 'dsv' for command environment
[0.921s] DEBUG:colcon.colcon_core.event_handler.log_command:Invoking command in '/home/aquoza/Rover-ros/build/gamepad_websocket': PYTHONPATH=/home/aquoza/Rover-ros/build/gamepad_websocket/prefix_override:/usr/lib/python3/dist-packages/colcon_core/task/python/colcon_distutils_commands:/home/aquoza/Rover-ros/install/gamepad_websocket/lib/python3.10/site-packages:${PYTHONPATH} /usr/bin/python3 -W ignore:setup.py install is deprecated setup.py develop --editable --build-directory /home/aquoza/Rover-ros/build/gamepad_websocket/build --no-deps symlink_data
[0.923s] DEBUG:colcon.colcon_core.event_handler.log_command:Invoking command in '/home/aquoza/Rover-ros/build/atvpi': PYTHONPATH=/home/aquoza/Rover-ros/build/atvpi/prefix_override:/usr/lib/python3/dist-packages/colcon_core/task/python/colcon_distutils_commands:/home/aquoza/Rover-ros/install/atvpi/lib/python3.10/site-packages:${PYTHONPATH} /usr/bin/python3 -W ignore:setup.py install is deprecated setup.py develop --editable --build-directory /home/aquoza/Rover-ros/build/atvpi/build --no-deps symlink_data
[1.261s] Level 1:colcon.colcon_core.shell:create_environment_hook('gamepad_websocket', 'pythonpath_develop')
[1.261s] INFO:colcon.colcon_core.shell:Creating environment hook '/home/aquoza/Rover-ros/build/gamepad_websocket/share/gamepad_websocket/hook/pythonpath_develop.ps1'
[1.262s] DEBUG:colcon.colcon_core.event_handler.log_command:Invoked command in '/home/aquoza/Rover-ros/build/gamepad_websocket' returned '0': PYTHONPATH=/home/aquoza/Rover-ros/build/gamepad_websocket/prefix_override:/usr/lib/python3/dist-packages/colcon_core/task/python/colcon_distutils_commands:/home/aquoza/Rover-ros/install/gamepad_websocket/lib/python3.10/site-packages:${PYTHONPATH} /usr/bin/python3 -W ignore:setup.py install is deprecated setup.py develop --editable --build-directory /home/aquoza/Rover-ros/build/gamepad_websocket/build --no-deps symlink_data
[1.262s] INFO:colcon.colcon_core.shell:Creating environment descriptor '/home/aquoza/Rover-ros/build/gamepad_websocket/share/gamepad_websocket/hook/pythonpath_develop.dsv'
[1.262s] INFO:colcon.colcon_core.shell:Creating environment hook '/home/aquoza/Rover-ros/build/gamepad_websocket/share/gamepad_websocket/hook/pythonpath_develop.sh'
[1.264s] Level 1:colcon.colcon_core.environment:checking '/home/aquoza/Rover-ros/install/gamepad_websocket' for CMake module files
[1.264s] Level 1:colcon.colcon_core.environment:checking '/home/aquoza/Rover-ros/install/gamepad_websocket' for CMake config files
[1.265s] Level 1:colcon.colcon_core.environment:checking '/home/aquoza/Rover-ros/install/gamepad_websocket/lib'
[1.265s] Level 1:colcon.colcon_core.environment:checking '/home/aquoza/Rover-ros/install/gamepad_websocket/bin'
[1.265s] Level 1:colcon.colcon_core.environment:checking '/home/aquoza/Rover-ros/install/gamepad_websocket/lib/pkgconfig/gamepad_websocket.pc'
[1.265s] Level 1:colcon.colcon_core.environment:checking '/home/aquoza/Rover-ros/install/gamepad_websocket/lib/python3.10/site-packages'
[1.265s] Level 1:colcon.colcon_core.shell:create_environment_hook('gamepad_websocket', 'pythonpath')
[1.265s] INFO:colcon.colcon_core.shell:Creating environment hook '/home/aquoza/Rover-ros/install/gamepad_websocket/share/gamepad_websocket/hook/pythonpath.ps1'
[1.266s] INFO:colcon.colcon_core.shell:Creating environment descriptor '/home/aquoza/Rover-ros/install/gamepad_websocket/share/gamepad_websocket/hook/pythonpath.dsv'
[1.266s] INFO:colcon.colcon_core.shell:Creating environment hook '/home/aquoza/Rover-ros/install/gamepad_websocket/share/gamepad_websocket/hook/pythonpath.sh'
[1.266s] Level 1:colcon.colcon_core.environment:checking '/home/aquoza/Rover-ros/install/gamepad_websocket/bin'
[1.267s] Level 1:colcon.colcon_core.environment:create_environment_scripts_only(gamepad_websocket)
[1.267s] INFO:colcon.colcon_core.shell:Creating package script '/home/aquoza/Rover-ros/install/gamepad_websocket/share/gamepad_websocket/package.ps1'
[1.267s] INFO:colcon.colcon_core.shell:Creating package descriptor '/home/aquoza/Rover-ros/install/gamepad_websocket/share/gamepad_websocket/package.dsv'
[1.268s] INFO:colcon.colcon_core.shell:Creating package script '/home/aquoza/Rover-ros/install/gamepad_websocket/share/gamepad_websocket/package.sh'
[1.268s] INFO:colcon.colcon_core.shell:Creating package script '/home/aquoza/Rover-ros/install/gamepad_websocket/share/gamepad_websocket/package.bash'
[1.269s] INFO:colcon.colcon_core.shell:Creating package script '/home/aquoza/Rover-ros/install/gamepad_websocket/share/gamepad_websocket/package.zsh'
[1.269s] Level 1:colcon.colcon_core.environment:create_file_with_runtime_dependencies(/home/aquoza/Rover-ros/install/gamepad_websocket/share/colcon-core/packages/gamepad_websocket)
[1.270s] Level 1:colcon.colcon_core.shell:create_environment_hook('atvpi', 'pythonpath_develop')
[1.270s] INFO:colcon.colcon_core.shell:Creating environment hook '/home/aquoza/Rover-ros/build/atvpi/share/atvpi/hook/pythonpath_develop.ps1'
[1.271s] DEBUG:colcon.colcon_core.event_handler.log_command:Invoked command in '/home/aquoza/Rover-ros/build/atvpi' returned '0': PYTHONPATH=/home/aquoza/Rover-ros/build/atvpi/prefix_override:/usr/lib/python3/dist-packages/colcon_core/task/python/colcon_distutils_commands:/home/aquoza/Rover-ros/install/atvpi/lib/python3.10/site-packages:${PYTHONPATH} /usr/bin/python3 -W ignore:setup.py install is deprecated setup.py develop --editable --build-directory /home/aquoza/Rover-ros/build/atvpi/build --no-deps symlink_data
[1.271s] INFO:colcon.colcon_core.shell:Creating environment descriptor '/home/aquoza/Rover-ros/build/atvpi/share/atvpi/hook/pythonpath_develop.dsv'
[1.271s] INFO:colcon.colcon_core.shell:Creating environment hook '/home/aquoza/Rover-ros/build/atvpi/share/atvpi/hook/pythonpath_develop.sh'
[1.272s] Level 1:colcon.colcon_core.environment:checking '/home/aquoza/Rover-ros/install/atvpi' for CMake module files
[1.272s] Level 1:colcon.colcon_core.environment:checking '/home/aquoza/Rover-ros/install/atvpi' for CMake config files
[1.272s] Level 1:colcon.colcon_core.environment:checking '/home/aquoza/Rover-ros/install/atvpi/lib'
[1.272s] Level 1:colcon.colcon_core.environment:checking '/home/aquoza/Rover-ros/install/atvpi/bin'
[1.272s] Level 1:colcon.colcon_core.environment:checking '/home/aquoza/Rover-ros/install/atvpi/lib/pkgconfig/atvpi.pc'
[1.272s] Level 1:colcon.colcon_core.environment:checking '/home/aquoza/Rover-ros/install/atvpi/lib/python3.10/site-packages'
[1.272s] Level 1:colcon.colcon_core.shell:create_environment_hook('atvpi', 'pythonpath')
[1.273s] INFO:colcon.colcon_core.shell:Creating environment hook '/home/aquoza/Rover-ros/install/atvpi/share/atvpi/hook/pythonpath.ps1'
[1.273s] INFO:colcon.colcon_core.shell:Creating environment descriptor '/home/aquoza/Rover-ros/install/atvpi/share/atvpi/hook/pythonpath.dsv'
[1.273s] INFO:colcon.colcon_core.shell:Creating environment hook '/home/aquoza/Rover-ros/install/atvpi/share/atvpi/hook/pythonpath.sh'
[1.274s] Level 1:colcon.colcon_core.environment:checking '/home/aquoza/Rover-ros/install/atvpi/bin'
[1.274s] Level 1:colcon.colcon_core.environment:create_environment_scripts_only(atvpi)
[1.274s] INFO:colcon.colcon_core.shell:Creating package script '/home/aquoza/Rover-ros/install/atvpi/share/atvpi/package.ps1'
[1.274s] INFO:colcon.colcon_core.shell:Creating package descriptor '/home/aquoza/Rover-ros/install/atvpi/share/atvpi/package.dsv'
[1.274s] INFO:colcon.colcon_core.shell:Creating package script '/home/aquoza/Rover-ros/install/atvpi/share/atvpi/package.sh'
[1.275s] INFO:colcon.colcon_core.shell:Creating package script '/home/aquoza/Rover-ros/install/atvpi/share/atvpi/package.bash'
[1.275s] INFO:colcon.colcon_core.shell:Creating package script '/home/aquoza/Rover-ros/install/atvpi/share/atvpi/package.zsh'
[1.275s] Level 1:colcon.colcon_core.environment:create_file_with_runtime_dependencies(/home/aquoza/Rover-ros/install/atvpi/share/colcon-core/packages/atvpi)
[1.276s] DEBUG:colcon.colcon_parallel_executor.executor.parallel:closing loop
[1.276s] DEBUG:colcon.colcon_parallel_executor.executor.parallel:loop closed
[1.276s] DEBUG:colcon.colcon_parallel_executor.executor.parallel:run_until_complete finished with '0'
[1.276s] DEBUG:colcon.colcon_core.event_reactor:joining thread
[1.280s] INFO:colcon.colcon_core.plugin_system:Skipping extension 'colcon_notification.desktop_notification.terminal_notifier': Not used on non-Darwin systems
[1.280s] INFO:colcon.colcon_core.plugin_system:Skipping extension 'colcon_notification.desktop_notification.win32': Not used on non-Windows systems
[1.280s] INFO:colcon.colcon_notification.desktop_notification:Sending desktop notification using 'notify2'
[1.289s] DEBUG:colcon.colcon_core.event_reactor:joined thread
[1.290s] INFO:colcon.colcon_core.shell:Creating prefix script '/home/aquoza/Rover-ros/install/local_setup.ps1'
[1.291s] INFO:colcon.colcon_core.shell:Creating prefix util module '/home/aquoza/Rover-ros/install/_local_setup_util_ps1.py'
[1.292s] INFO:colcon.colcon_core.shell:Creating prefix chain script '/home/aquoza/Rover-ros/install/setup.ps1'
[1.293s] INFO:colcon.colcon_core.shell:Creating prefix script '/home/aquoza/Rover-ros/install/local_setup.sh'
[1.293s] INFO:colcon.colcon_core.shell:Creating prefix util module '/home/aquoza/Rover-ros/install/_local_setup_util_sh.py'
[1.293s] INFO:colcon.colcon_core.shell:Creating prefix chain script '/home/aquoza/Rover-ros/install/setup.sh'
[1.294s] INFO:colcon.colcon_core.shell:Creating prefix script '/home/aquoza/Rover-ros/install/local_setup.bash'
[1.294s] INFO:colcon.colcon_core.shell:Creating prefix chain script '/home/aquoza/Rover-ros/install/setup.bash'
[1.295s] INFO:colcon.colcon_core.shell:Creating prefix script '/home/aquoza/Rover-ros/install/local_setup.zsh'
[1.296s] INFO:colcon.colcon_core.shell:Creating prefix chain script '/home/aquoza/Rover-ros/install/setup.zsh'
