[2.482s] Invoking command in '/home/pi/code/ws/src/atvpi': PYTHONPATH=/home/pi/code/ws/build/atvpi/prefix_override:/usr/lib/python3/dist-packages/colcon_core/task/python/colcon_distutils_commands:/home/pi/code/ws/install/atvpi/lib/python3.10/site-packages:${PYTHONPATH} /usr/bin/python3 -W ignore:setup.py install is deprecated setup.py egg_info --egg-base ../../build/atvpi build --build-base /home/pi/code/ws/build/atvpi/build install --record /home/pi/code/ws/build/atvpi/install.log --single-version-externally-managed install_data
[3.412s] running egg_info
[3.414s] writing ../../build/atvpi/atvpi.egg-info/PKG-INFO
[3.415s] writing dependency_links to ../../build/atvpi/atvpi.egg-info/dependency_links.txt
[3.416s] writing entry points to ../../build/atvpi/atvpi.egg-info/entry_points.txt
[3.417s] writing requirements to ../../build/atvpi/atvpi.egg-info/requires.txt
[3.417s] writing top-level names to ../../build/atvpi/atvpi.egg-info/top_level.txt
[3.425s] reading manifest file '../../build/atvpi/atvpi.egg-info/SOURCES.txt'
[3.427s] adding license file 'LICENSE'
[3.429s] writing manifest file '../../build/atvpi/atvpi.egg-info/SOURCES.txt'
[3.430s] running build
[3.430s] running build_py
[3.432s] running install
[3.433s] running install_lib
[3.439s] running install_data
[3.440s] running install_egg_info
[3.447s] removing '/home/pi/code/ws/install/atvpi/lib/python3.10/site-packages/atvpi-0.0.0-py3.10.egg-info' (and everything under it)
[3.448s] Copying ../../build/atvpi/atvpi.egg-info to /home/pi/code/ws/install/atvpi/lib/python3.10/site-packages/atvpi-0.0.0-py3.10.egg-info
[3.453s] running install_scripts
[3.530s] Installing sub script to /home/pi/code/ws/install/atvpi/lib/atvpi
[3.530s] Installing talker script to /home/pi/code/ws/install/atvpi/lib/atvpi
[3.532s] writing list of installed files to '/home/pi/code/ws/build/atvpi/install.log'
[3.645s] Invoked command in '/home/pi/code/ws/src/atvpi' returned '0': PYTHONPATH=/home/pi/code/ws/build/atvpi/prefix_override:/usr/lib/python3/dist-packages/colcon_core/task/python/colcon_distutils_commands:/home/pi/code/ws/install/atvpi/lib/python3.10/site-packages:${PYTHONPATH} /usr/bin/python3 -W ignore:setup.py install is deprecated setup.py egg_info --egg-base ../../build/atvpi build --build-base /home/pi/code/ws/build/atvpi/build install --record /home/pi/code/ws/build/atvpi/install.log --single-version-externally-managed install_data
