[0.663s] Invoking command in '/home/aquoza/Rover-ros/build/atvpi': PYTHONPATH=/home/aquoza/Rover-ros/build/atvpi/prefix_override:/usr/lib/python3/dist-packages/colcon_core/task/python/colcon_distutils_commands:/home/aquoza/Rover-ros/install/atvpi/lib/python3.10/site-packages:${PYTHONPATH} /usr/bin/python3 -W ignore:setup.py install is deprecated setup.py develop --editable --build-directory /home/aquoza/Rover-ros/build/atvpi/build --no-deps symlink_data
[0.850s] running develop
[0.850s] /usr/lib/python3/dist-packages/setuptools/command/easy_install.py:158: EasyInstallDeprecationWarning: easy_install command is deprecated. Use build and pip and other standards-based tools.
[0.851s]   warnings.warn(
[0.975s] running egg_info
[0.975s] creating atvpi.egg-info
[0.975s] writing atvpi.egg-info/PKG-INFO
[0.975s] writing dependency_links to atvpi.egg-info/dependency_links.txt
[0.976s] writing entry points to atvpi.egg-info/entry_points.txt
[0.976s] writing requirements to atvpi.egg-info/requires.txt
[0.976s] writing top-level names to atvpi.egg-info/top_level.txt
[0.976s] writing manifest file 'atvpi.egg-info/SOURCES.txt'
[0.977s] reading manifest file 'atvpi.egg-info/SOURCES.txt'
[0.978s] writing manifest file 'atvpi.egg-info/SOURCES.txt'
[0.978s] running build_ext
[0.979s] Creating /home/aquoza/Rover-ros/install/atvpi/lib/python3.10/site-packages/atvpi.egg-link (link to .)
[0.979s] Installing sub script to /home/aquoza/Rover-ros/install/atvpi/lib/atvpi
[0.979s] Installing talker script to /home/aquoza/Rover-ros/install/atvpi/lib/atvpi
[0.980s] 
[0.980s] Installed /home/aquoza/Rover-ros/build/atvpi
[0.980s] running symlink_data
[0.980s] creating /home/aquoza/Rover-ros/install/atvpi/share/ament_index
[0.980s] creating /home/aquoza/Rover-ros/install/atvpi/share/ament_index/resource_index
[0.980s] creating /home/aquoza/Rover-ros/install/atvpi/share/ament_index/resource_index/packages
[0.980s] symbolically linking /home/aquoza/Rover-ros/build/atvpi/resource/atvpi -> /home/aquoza/Rover-ros/install/atvpi/share/ament_index/resource_index/packages
[0.980s] symbolically linking /home/aquoza/Rover-ros/build/atvpi/package.xml -> /home/aquoza/Rover-ros/install/atvpi/share/atvpi
[1.006s] Invoked command in '/home/aquoza/Rover-ros/build/atvpi' returned '0': PYTHONPATH=/home/aquoza/Rover-ros/build/atvpi/prefix_override:/usr/lib/python3/dist-packages/colcon_core/task/python/colcon_distutils_commands:/home/aquoza/Rover-ros/install/atvpi/lib/python3.10/site-packages:${PYTHONPATH} /usr/bin/python3 -W ignore:setup.py install is deprecated setup.py develop --editable --build-directory /home/aquoza/Rover-ros/build/atvpi/build --no-deps symlink_data
