running develop
running egg_info
creating gamepad_websocket.egg-info
writing gamepad_websocket.egg-info/PKG-INFO
writing dependency_links to gamepad_websocket.egg-info/dependency_links.txt
writing entry points to gamepad_websocket.egg-info/entry_points.txt
writing requirements to gamepad_websocket.egg-info/requires.txt
writing top-level names to gamepad_websocket.egg-info/top_level.txt
writing manifest file 'gamepad_websocket.egg-info/SOURCES.txt'
reading manifest file 'gamepad_websocket.egg-info/SOURCES.txt'
writing manifest file 'gamepad_websocket.egg-info/SOURCES.txt'
running build_ext
Creating /home/aquoza/Rover-ros/install/gamepad_websocket/lib/python3.10/site-packages/gamepad-websocket.egg-link (link to .)
Installing gamepad_websocket_node script to /home/aquoza/Rover-ros/install/gamepad_websocket/lib/gamepad_websocket

Installed /home/aquoza/Rover-ros/build/gamepad_websocket
running symlink_data
creating /home/aquoza/Rover-ros/install/gamepad_websocket/share/ament_index
creating /home/aquoza/Rover-ros/install/gamepad_websocket/share/ament_index/resource_index
creating /home/aquoza/Rover-ros/install/gamepad_websocket/share/ament_index/resource_index/packages
symbolically linking /home/aquoza/Rover-ros/build/gamepad_websocket/resource/gamepad_websocket -> /home/aquoza/Rover-ros/install/gamepad_websocket/share/ament_index/resource_index/packages
symbolically linking /home/aquoza/Rover-ros/build/gamepad_websocket/package.xml -> /home/aquoza/Rover-ros/install/gamepad_websocket/share/gamepad_websocket
