[0.660s] Invoking command in '/home/aquoza/Rover-ros/build/gamepad_websocket': PYTHONPATH=/home/aquoza/Rover-ros/build/gamepad_websocket/prefix_override:/usr/lib/python3/dist-packages/colcon_core/task/python/colcon_distutils_commands:/home/aquoza/Rover-ros/install/gamepad_websocket/lib/python3.10/site-packages:${PYTHONPATH} /usr/bin/python3 -W ignore:setup.py install is deprecated setup.py develop --editable --build-directory /home/aquoza/Rover-ros/build/gamepad_websocket/build --no-deps symlink_data
[0.848s] running develop
[0.848s] /usr/lib/python3/dist-packages/setuptools/command/easy_install.py:158: EasyInstallDeprecationWarning: easy_install command is deprecated. Use build and pip and other standards-based tools.
[0.848s]   warnings.warn(
[0.974s] running egg_info
[0.975s] creating gamepad_websocket.egg-info
[0.975s] writing gamepad_websocket.egg-info/PKG-INFO
[0.975s] writing dependency_links to gamepad_websocket.egg-info/dependency_links.txt
[0.975s] writing entry points to gamepad_websocket.egg-info/entry_points.txt
[0.975s] writing requirements to gamepad_websocket.egg-info/requires.txt
[0.975s] writing top-level names to gamepad_websocket.egg-info/top_level.txt
[0.975s] writing manifest file 'gamepad_websocket.egg-info/SOURCES.txt'
[0.976s] reading manifest file 'gamepad_websocket.egg-info/SOURCES.txt'
[0.977s] writing manifest file 'gamepad_websocket.egg-info/SOURCES.txt'
[0.978s] running build_ext
[0.978s] Creating /home/aquoza/Rover-ros/install/gamepad_websocket/lib/python3.10/site-packages/gamepad-websocket.egg-link (link to .)
[0.979s] Installing gamepad_websocket_node script to /home/aquoza/Rover-ros/install/gamepad_websocket/lib/gamepad_websocket
[0.979s] 
[0.979s] Installed /home/aquoza/Rover-ros/build/gamepad_websocket
[0.979s] running symlink_data
[0.979s] creating /home/aquoza/Rover-ros/install/gamepad_websocket/share/ament_index
[0.979s] creating /home/aquoza/Rover-ros/install/gamepad_websocket/share/ament_index/resource_index
[0.979s] creating /home/aquoza/Rover-ros/install/gamepad_websocket/share/ament_index/resource_index/packages
[0.979s] symbolically linking /home/aquoza/Rover-ros/build/gamepad_websocket/resource/gamepad_websocket -> /home/aquoza/Rover-ros/install/gamepad_websocket/share/ament_index/resource_index/packages
[0.979s] symbolically linking /home/aquoza/Rover-ros/build/gamepad_websocket/package.xml -> /home/aquoza/Rover-ros/install/gamepad_websocket/share/gamepad_websocket
[1.010s] Invoked command in '/home/aquoza/Rover-ros/build/gamepad_websocket' returned '0': PYTHONPATH=/home/aquoza/Rover-ros/build/gamepad_websocket/prefix_override:/usr/lib/python3/dist-packages/colcon_core/task/python/colcon_distutils_commands:/home/aquoza/Rover-ros/install/gamepad_websocket/lib/python3.10/site-packages:${PYTHONPATH} /usr/bin/python3 -W ignore:setup.py install is deprecated setup.py develop --editable --build-directory /home/aquoza/Rover-ros/build/gamepad_websocket/build --no-deps symlink_data
