[2.499s] Invoking command in '/home/pi/code/ws/src/atvpi': PYTHONPATH=/home/pi/code/ws/build/atvpi/prefix_override:/usr/lib/python3/dist-packages/colcon_core/task/python/colcon_distutils_commands:/home/pi/code/ws/install/atvpi/lib/python3.10/site-packages:${PYTHONPATH} /usr/bin/python3 -W ignore:setup.py install is deprecated setup.py egg_info --egg-base ../../build/atvpi build --build-base /home/pi/code/ws/build/atvpi/build install --record /home/pi/code/ws/build/atvpi/install.log --single-version-externally-managed install_data
[3.440s] running egg_info
[3.443s] writing ../../build/atvpi/atvpi.egg-info/PKG-INFO
[3.444s] writing dependency_links to ../../build/atvpi/atvpi.egg-info/dependency_links.txt
[3.445s] writing entry points to ../../build/atvpi/atvpi.egg-info/entry_points.txt
[3.445s] writing requirements to ../../build/atvpi/atvpi.egg-info/requires.txt
[3.446s] writing top-level names to ../../build/atvpi/atvpi.egg-info/top_level.txt
[3.454s] reading manifest file '../../build/atvpi/atvpi.egg-info/SOURCES.txt'
[3.455s] adding license file 'LICENSE'
[3.458s] writing manifest file '../../build/atvpi/atvpi.egg-info/SOURCES.txt'
[3.458s] running build
[3.459s] running build_py
[3.459s] copying atvpi/thermal_ros.py -> /home/pi/code/ws/build/atvpi/build/lib/atvpi
[3.461s] running install
[3.463s] running install_lib
[3.466s] copying /home/pi/code/ws/build/atvpi/build/lib/atvpi/thermal_ros.py -> /home/pi/code/ws/install/atvpi/lib/python3.10/site-packages/atvpi
[3.469s] byte-compiling /home/pi/code/ws/install/atvpi/lib/python3.10/site-packages/atvpi/thermal_ros.py to thermal_ros.cpython-310.pyc
[3.472s] Sorry: TabError: inconsistent use of tabs and spaces in indentation (thermal_ros.py, line 145)
[3.472s] running install_data
[3.473s] running install_egg_info
[3.479s] removing '/home/pi/code/ws/install/atvpi/lib/python3.10/site-packages/atvpi-0.0.0-py3.10.egg-info' (and everything under it)
[3.481s] Copying ../../build/atvpi/atvpi.egg-info to /home/pi/code/ws/install/atvpi/lib/python3.10/site-packages/atvpi-0.0.0-py3.10.egg-info
[3.486s] running install_scripts
[3.562s] Installing sub script to /home/pi/code/ws/install/atvpi/lib/atvpi
[3.563s] Installing talker script to /home/pi/code/ws/install/atvpi/lib/atvpi
[3.565s] writing list of installed files to '/home/pi/code/ws/build/atvpi/install.log'
[3.677s] Invoked command in '/home/pi/code/ws/src/atvpi' returned '0': PYTHONPATH=/home/pi/code/ws/build/atvpi/prefix_override:/usr/lib/python3/dist-packages/colcon_core/task/python/colcon_distutils_commands:/home/pi/code/ws/install/atvpi/lib/python3.10/site-packages:${PYTHONPATH} /usr/bin/python3 -W ignore:setup.py install is deprecated setup.py egg_info --egg-base ../../build/atvpi build --build-base /home/pi/code/ws/build/atvpi/build install --record /home/pi/code/ws/build/atvpi/install.log --single-version-externally-managed install_data
