[2.481s] Invoking command in '/home/pi/code/ws/src/atvpi': PYTHONPATH=/home/pi/code/ws/build/atvpi/prefix_override:/usr/lib/python3/dist-packages/colcon_core/task/python/colcon_distutils_commands:/home/pi/code/ws/install/atvpi/lib/python3.10/site-packages:${PYTHONPATH} /usr/bin/python3 -W ignore:setup.py install is deprecated setup.py egg_info --egg-base ../../build/atvpi build --build-base /home/pi/code/ws/build/atvpi/build install --record /home/pi/code/ws/build/atvpi/install.log --single-version-externally-managed install_data
[3.414s] running egg_info
[3.416s] writing ../../build/atvpi/atvpi.egg-info/PKG-INFO
[3.417s] writing dependency_links to ../../build/atvpi/atvpi.egg-info/dependency_links.txt
[3.418s] writing entry points to ../../build/atvpi/atvpi.egg-info/entry_points.txt
[3.419s] writing requirements to ../../build/atvpi/atvpi.egg-info/requires.txt
[3.419s] writing top-level names to ../../build/atvpi/atvpi.egg-info/top_level.txt
[3.427s] reading manifest file '../../build/atvpi/atvpi.egg-info/SOURCES.txt'
[3.429s] adding license file 'LICENSE'
[3.431s] writing manifest file '../../build/atvpi/atvpi.egg-info/SOURCES.txt'
[3.432s] running build
[3.432s] running build_py
[3.433s] copying atvpi/sub_node.py -> /home/pi/code/ws/build/atvpi/build/lib/atvpi
[3.435s] running install
[3.436s] running install_lib
[3.440s] copying /home/pi/code/ws/build/atvpi/build/lib/atvpi/sub_node.py -> /home/pi/code/ws/install/atvpi/lib/python3.10/site-packages/atvpi
[3.443s] byte-compiling /home/pi/code/ws/install/atvpi/lib/python3.10/site-packages/atvpi/sub_node.py to sub_node.cpython-310.pyc
[3.444s]   File "/home/pi/code/ws/install/atvpi/lib/python3.10/site-packages/atvpi/sub_node.py", line 7
[3.444s]     from ~/code/ws/src/atvpi/atvpi/thermal_ros import takePic
[3.445s]          ^
[3.445s] SyntaxError: invalid syntax
[3.445s] 
[3.446s] running install_data
[3.446s] running install_egg_info
[3.452s] removing '/home/pi/code/ws/install/atvpi/lib/python3.10/site-packages/atvpi-0.0.0-py3.10.egg-info' (and everything under it)
[3.453s] Copying ../../build/atvpi/atvpi.egg-info to /home/pi/code/ws/install/atvpi/lib/python3.10/site-packages/atvpi-0.0.0-py3.10.egg-info
[3.458s] running install_scripts
[3.535s] Installing sub script to /home/pi/code/ws/install/atvpi/lib/atvpi
[3.536s] Installing talker script to /home/pi/code/ws/install/atvpi/lib/atvpi
[3.537s] writing list of installed files to '/home/pi/code/ws/build/atvpi/install.log'
[3.650s] Invoked command in '/home/pi/code/ws/src/atvpi' returned '0': PYTHONPATH=/home/pi/code/ws/build/atvpi/prefix_override:/usr/lib/python3/dist-packages/colcon_core/task/python/colcon_distutils_commands:/home/pi/code/ws/install/atvpi/lib/python3.10/site-packages:${PYTHONPATH} /usr/bin/python3 -W ignore:setup.py install is deprecated setup.py egg_info --egg-base ../../build/atvpi build --build-base /home/pi/code/ws/build/atvpi/build install --record /home/pi/code/ws/build/atvpi/install.log --single-version-externally-managed install_data
